[0m22:09:56.442651 [debug] [MainThread]: Sending event: {'category': 'dbt', 'action': 'invocation', 'label': 'start', 'context': [<snowplow_tracker.self_describing_json.SelfDescribingJson object at 0x000001E11A9D74A0>, <snowplow_tracker.self_describing_json.SelfDescribingJson object at 0x000001E11A0AC8C0>, <snowplow_tracker.self_describing_json.SelfDescribingJson object at 0x000001E11AB17920>]}


============================== 22:09:56.754782 | c162eb4b-0568-46bf-b045-f5cde3ef48ac ==============================
[0m22:09:56.754782 [info ] [MainThread]: Running with dbt=1.11.5
[0m22:09:56.755868 [debug] [MainThread]: running dbt with arguments {'static_parser': 'True', 'no_print': 'None', 'version_check': 'True', 'warn_error_options': 'WarnErrorOptionsV2(error=[], warn=[], silence=[])', 'target_path': 'None', 'printer_width': '80', 'write_json': 'True', 'introspect': 'True', 'log_cache_events': 'False', 'empty': 'None', 'cache_selected_only': 'False', 'fail_fast': 'False', 'debug': 'False', 'log_format': 'default', 'profiles_dir': 'C:\\Users\\Rohan\\.dbt', 'send_anonymous_usage_stats': 'True', 'quiet': 'False', 'warn_error': 'None', 'partial_parse': 'True', 'use_colors': 'True', 'indirect_selection': 'eager', 'invocation_command': 'dbt init', 'use_experimental_parser': 'False', 'log_path': 'logs'}
[0m22:09:57.762878 [info ] [MainThread]: Creating dbt configuration folder at C:\Users\Rohan\.dbt
[0m22:10:37.961814 [debug] [MainThread]: Starter project path: C:\Users\Rohan\Desktop\AWS_DBT_Snowflake\.venv\Lib\site-packages\dbt\include\starter_project
[0m22:10:38.027655 [info ] [MainThread]: 
Your new dbt project "aws_dbt_snowflake_project" was created!

For more information on how to configure the profiles.yml file,
please consult the dbt documentation here:

  https://docs.getdbt.com/docs/configure-your-profile

One more thing:

Need help? Don't hesitate to reach out to us via GitHub issues or on Slack:

  https://community.getdbt.com/

Happy modeling!

[0m22:10:38.028901 [info ] [MainThread]: Setting up your profile.
[0m22:11:15.243005 [debug] [MainThread]: Snowflake adapter: Setting snowflake.connector to ERROR (file logging only)
[0m22:11:15.244824 [debug] [MainThread]: Snowflake adapter: Setting botocore to ERROR (file logging only)
[0m22:11:15.247424 [debug] [MainThread]: Snowflake adapter: Setting boto3 to ERROR (file logging only)
[0m22:19:17.742453 [debug] [MainThread]: Sending event: {'category': 'dbt', 'action': 'invocation', 'label': 'start', 'context': [<snowplow_tracker.self_describing_json.SelfDescribingJson object at 0x0000016069D27440>, <snowplow_tracker.self_describing_json.SelfDescribingJson object at 0x00000160682D04A0>, <snowplow_tracker.self_describing_json.SelfDescribingJson object at 0x0000016069F223C0>]}


============================== 22:19:17.753829 | f73820f6-e242-4e9d-94ce-321ffc4d8d5e ==============================
[0m22:19:17.753829 [info ] [MainThread]: Running with dbt=1.11.5
[0m22:19:17.758139 [debug] [MainThread]: running dbt with arguments {'version_check': 'True', 'no_print': 'None', 'static_parser': 'True', 'warn_error_options': 'WarnErrorOptionsV2(error=[], warn=[], silence=[])', 'target_path': 'None', 'printer_width': '80', 'write_json': 'True', 'introspect': 'True', 'log_cache_events': 'False', 'empty': 'None', 'cache_selected_only': 'False', 'log_format': 'default', 'debug': 'False', 'fail_fast': 'False', 'partial_parse': 'True', 'send_anonymous_usage_stats': 'True', 'quiet': 'False', 'warn_error': 'None', 'profiles_dir': 'C:\\Users\\Rohan\\.dbt', 'invocation_command': 'dbt init', 'indirect_selection': 'eager', 'use_colors': 'True', 'use_experimental_parser': 'False', 'log_path': 'logs'}
[0m22:20:14.538604 [debug] [MainThread]: Starter project path: C:\Users\Rohan\Desktop\AWS_DBT_Snowflake\.venv\Lib\site-packages\dbt\include\starter_project
[0m22:20:14.585080 [info ] [MainThread]: 
Your new dbt project "aws_dbt_and_snowflake_project" was created!

For more information on how to configure the profiles.yml file,
please consult the dbt documentation here:

  https://docs.getdbt.com/docs/configure-your-profile

One more thing:

Need help? Don't hesitate to reach out to us via GitHub issues or on Slack:

  https://community.getdbt.com/

Happy modeling!

[0m22:20:14.587095 [info ] [MainThread]: Setting up your profile.
[0m22:20:25.636090 [debug] [MainThread]: Snowflake adapter: Setting snowflake.connector to ERROR (file logging only)
[0m22:20:25.636090 [debug] [MainThread]: Snowflake adapter: Setting botocore to ERROR (file logging only)
[0m22:20:25.636090 [debug] [MainThread]: Snowflake adapter: Setting boto3 to ERROR (file logging only)
[0m22:22:26.648921 [debug] [MainThread]: Sending event: {'category': 'dbt', 'action': 'invocation', 'label': 'start', 'context': [<snowplow_tracker.self_describing_json.SelfDescribingJson object at 0x0000021038825C70>, <snowplow_tracker.self_describing_json.SelfDescribingJson object at 0x00000210388250A0>, <snowplow_tracker.self_describing_json.SelfDescribingJson object at 0x00000210357CD4F0>]}


============================== 22:22:26.665709 | b18af6d9-a1ff-4586-8450-b27aac3a9dbc ==============================
[0m22:22:26.665709 [info ] [MainThread]: Running with dbt=1.11.5
[0m22:22:26.665709 [debug] [MainThread]: running dbt with arguments {'static_parser': 'True', 'no_print': 'None', 'version_check': 'True', 'target_path': 'None', 'warn_error_options': 'WarnErrorOptionsV2(error=[], warn=[], silence=[])', 'printer_width': '80', 'write_json': 'True', 'empty': 'None', 'log_cache_events': 'False', 'introspect': 'True', 'cache_selected_only': 'False', 'log_format': 'default', 'debug': 'False', 'fail_fast': 'False', 'profiles_dir': 'C:\\Users\\Rohan\\.dbt', 'send_anonymous_usage_stats': 'True', 'quiet': 'False', 'warn_error': 'None', 'partial_parse': 'True', 'indirect_selection': 'eager', 'use_colors': 'True', 'invocation_command': 'dbt init', 'use_experimental_parser': 'False', 'log_path': 'logs'}
[0m22:23:11.592369 [info ] [MainThread]: A project called aws_dbt_and_snowflake_project already exists here.
[0m22:23:11.594882 [debug] [MainThread]: Command `dbt init` succeeded at 22:23:11.594882 after 45.31 seconds
[0m22:23:11.596112 [debug] [MainThread]: Sending event: {'category': 'dbt', 'action': 'invocation', 'label': 'end', 'context': [<snowplow_tracker.self_describing_json.SelfDescribingJson object at 0x000002103829A7E0>, <snowplow_tracker.self_describing_json.SelfDescribingJson object at 0x0000021038825C70>, <snowplow_tracker.self_describing_json.SelfDescribingJson object at 0x0000021038E7BB00>]}
[0m22:23:11.596112 [debug] [MainThread]: Flushing usage events
[0m22:23:13.808383 [debug] [MainThread]: An error was encountered while trying to flush usage events
[0m22:23:32.529458 [debug] [MainThread]: Sending event: {'category': 'dbt', 'action': 'invocation', 'label': 'start', 'context': [<snowplow_tracker.self_describing_json.SelfDescribingJson object at 0x000001FE4BE7A000>, <snowplow_tracker.self_describing_json.SelfDescribingJson object at 0x000001FE4C2A14C0>, <snowplow_tracker.self_describing_json.SelfDescribingJson object at 0x000001FE4C2A0860>]}


============================== 22:23:32.542619 | 9dd8de03-08c9-49d6-a5ec-cade9a9b47c7 ==============================
[0m22:23:32.542619 [info ] [MainThread]: Running with dbt=1.11.5
[0m22:23:32.544120 [debug] [MainThread]: running dbt with arguments {'version_check': 'True', 'no_print': 'None', 'static_parser': 'True', 'target_path': 'None', 'warn_error_options': 'WarnErrorOptionsV2(error=[], warn=[], silence=[])', 'printer_width': '80', 'write_json': 'True', 'empty': 'None', 'log_cache_events': 'False', 'introspect': 'True', 'cache_selected_only': 'False', 'fail_fast': 'False', 'debug': 'False', 'log_format': 'default', 'profiles_dir': 'C:\\Users\\Rohan\\.dbt', 'send_anonymous_usage_stats': 'True', 'quiet': 'False', 'warn_error': 'None', 'partial_parse': 'True', 'use_colors': 'True', 'invocation_command': 'dbt init', 'indirect_selection': 'eager', 'use_experimental_parser': 'False', 'log_path': 'logs'}
[0m22:24:12.619375 [debug] [MainThread]: Starter project path: C:\Users\Rohan\Desktop\AWS_DBT_Snowflake\.venv\Lib\site-packages\dbt\include\starter_project
[0m22:24:12.676653 [info ] [MainThread]: 
Your new dbt project "aws_dbt_and_snowflake_finalproject" was created!

For more information on how to configure the profiles.yml file,
please consult the dbt documentation here:

  https://docs.getdbt.com/docs/configure-your-profile

One more thing:

Need help? Don't hesitate to reach out to us via GitHub issues or on Slack:

  https://community.getdbt.com/

Happy modeling!

[0m22:24:12.676653 [info ] [MainThread]: Setting up your profile.
[0m22:24:18.967021 [debug] [MainThread]: Snowflake adapter: Setting snowflake.connector to ERROR (file logging only)
[0m22:24:18.968361 [debug] [MainThread]: Snowflake adapter: Setting botocore to ERROR (file logging only)
[0m22:24:18.969407 [debug] [MainThread]: Snowflake adapter: Setting boto3 to ERROR (file logging only)
[0m22:34:31.284996 [debug] [MainThread]: Sending event: {'category': 'dbt', 'action': 'invocation', 'label': 'start', 'context': [<snowplow_tracker.self_describing_json.SelfDescribingJson object at 0x0000021BBE035190>, <snowplow_tracker.self_describing_json.SelfDescribingJson object at 0x0000021BBE035D00>, <snowplow_tracker.self_describing_json.SelfDescribingJson object at 0x0000021BBBDF2210>]}


============================== 22:34:31.300090 | 14e9dc8e-d742-4f2d-9b6e-64efe175930a ==============================
[0m22:34:31.300090 [info ] [MainThread]: Running with dbt=1.11.5
[0m22:34:31.300090 [debug] [MainThread]: running dbt with arguments {'version_check': 'True', 'no_print': 'None', 'static_parser': 'True', 'warn_error_options': 'WarnErrorOptionsV2(error=[], warn=[], silence=[])', 'target_path': 'None', 'printer_width': '80', 'write_json': 'True', 'empty': 'None', 'log_cache_events': 'False', 'introspect': 'True', 'cache_selected_only': 'False', 'fail_fast': 'False', 'debug': 'False', 'log_format': 'default', 'partial_parse': 'True', 'send_anonymous_usage_stats': 'True', 'quiet': 'False', 'warn_error': 'None', 'profiles_dir': 'C:\\Users\\Rohan\\.dbt', 'invocation_command': 'dbt init', 'use_colors': 'True', 'indirect_selection': 'eager', 'use_experimental_parser': 'False', 'log_path': 'logs'}
[0m22:35:03.435396 [debug] [MainThread]: Starter project path: C:\Users\Rohan\Desktop\AWS_DBT_Snowflake\.venv\Lib\site-packages\dbt\include\starter_project
[0m22:35:03.478531 [info ] [MainThread]: 
Your new dbt project "dbt_aws_snowflake_project" was created!

For more information on how to configure the profiles.yml file,
please consult the dbt documentation here:

  https://docs.getdbt.com/docs/configure-your-profile

One more thing:

Need help? Don't hesitate to reach out to us via GitHub issues or on Slack:

  https://community.getdbt.com/

Happy modeling!

[0m22:35:03.478531 [info ] [MainThread]: Setting up your profile.
[0m22:35:09.081058 [debug] [MainThread]: Snowflake adapter: Setting snowflake.connector to ERROR (file logging only)
[0m22:35:09.082065 [debug] [MainThread]: Snowflake adapter: Setting botocore to ERROR (file logging only)
[0m22:35:09.082571 [debug] [MainThread]: Snowflake adapter: Setting boto3 to ERROR (file logging only)
[0m22:41:01.324281 [info ] [MainThread]: Profile dbt_aws_snowflake_project written to C:\Users\Rohan\.dbt\profiles.yml using target's profile_template.yml and your supplied values. Run 'dbt debug' to validate the connection.
[0m22:41:01.327904 [debug] [MainThread]: Command `dbt init` succeeded at 22:41:01.327350 after 390.41 seconds
[0m22:41:01.329166 [debug] [MainThread]: Sending event: {'category': 'dbt', 'action': 'invocation', 'label': 'end', 'context': [<snowplow_tracker.self_describing_json.SelfDescribingJson object at 0x0000021BBDCD32F0>, <snowplow_tracker.self_describing_json.SelfDescribingJson object at 0x0000021BC0829A00>, <snowplow_tracker.self_describing_json.SelfDescribingJson object at 0x0000021BC07DA780>]}
[0m22:41:01.329166 [debug] [MainThread]: Flushing usage events
[0m22:41:03.482884 [debug] [MainThread]: An error was encountered while trying to flush usage events
[0m12:05:23.776447 [debug] [MainThread]: Sending event: {'category': 'dbt', 'action': 'invocation', 'label': 'start', 'context': [<snowplow_tracker.self_describing_json.SelfDescribingJson object at 0x000002134B23B3B0>, <snowplow_tracker.self_describing_json.SelfDescribingJson object at 0x000002134B23B170>, <snowplow_tracker.self_describing_json.SelfDescribingJson object at 0x000002134B23B470>]}


============================== 12:05:23.787615 | 1052db68-e5f7-4ce7-ad00-3b54cfc14a3d ==============================
[0m12:05:23.787615 [info ] [MainThread]: Running with dbt=1.11.5
[0m12:05:23.788353 [debug] [MainThread]: running dbt with arguments {'version_check': 'True', 'no_print': 'None', 'static_parser': 'True', 'target_path': 'None', 'warn_error_options': 'WarnErrorOptionsV2(error=[], warn=[], silence=[])', 'printer_width': '80', 'write_json': 'True', 'introspect': 'True', 'log_cache_events': 'False', 'empty': 'False', 'cache_selected_only': 'False', 'log_format': 'default', 'debug': 'False', 'fail_fast': 'False', 'partial_parse': 'True', 'send_anonymous_usage_stats': 'True', 'quiet': 'False', 'warn_error': 'None', 'profiles_dir': 'C:\\Users\\Rohan\\.dbt', 'use_colors': 'True', 'indirect_selection': 'eager', 'invocation_command': 'dbt run --select models/demo', 'use_experimental_parser': 'False', 'log_path': 'logs'}
[0m12:05:23.788353 [error] [MainThread]: Encountered an error:
Runtime Error
  No dbt_project.yml found at expected path C:\Users\Rohan\Desktop\AWS_DBT_Snowflake\dbt_project.yml
  Verify that each entry within packages.yml (and their transitive dependencies) contains a file named dbt_project.yml
  
[0m12:05:23.790222 [debug] [MainThread]: Command `dbt run` failed at 12:05:23.790222 after 0.18 seconds
[0m12:05:23.791256 [debug] [MainThread]: Sending event: {'category': 'dbt', 'action': 'invocation', 'label': 'end', 'context': [<snowplow_tracker.self_describing_json.SelfDescribingJson object at 0x000002134BDE1730>, <snowplow_tracker.self_describing_json.SelfDescribingJson object at 0x000002134BDBDBB0>, <snowplow_tracker.self_describing_json.SelfDescribingJson object at 0x000002134BBD0B60>]}
[0m12:05:23.791256 [debug] [MainThread]: Flushing usage events
[0m12:05:25.313550 [debug] [MainThread]: An error was encountered while trying to flush usage events
